Youngstown OH, San Francisco CA
San Francisco CA, Wisconsin Dells WI
Wisconsin Dells WI, San Bernardino CA
San Bernardino CA, Rockford IL
Wisconsin Dells WI, Saint Cloud MN
San Francisco CA, Vincennes IN
Youngstown OH, Sioux City IA
Sioux City IA, South Bend IN
Wisconsin Dells WI, Rutland VT
Rutland VT, Waco TX
Waco TX, San Jose CA
San Jose CA, Worcester MA
Worcester MA, San Diego CA
Rutland VT, Ravenna OH
Ravenna OH, Reading PA
Reading PA, Rochester NY
Reading PA, Springfield IL
Ravenna OH, Springfield MO
Reading PA, Scottsbluff NE
Rochester NY, Stevens Point WI
Stevens Point WI, Twin Falls ID
Stevens Point WI, Steubenville OH
Steubenville OH, Trenton NJ
Trenton NJ, Valdosta GA
Valdosta GA, Saint Joseph MI
Valdosta GA, Wheeling WV
Steubenville OH, Watertown NY
Watertown NY, Seattle WA
Stevens Point WI, Syracuse NY
Syracuse NY, Weed CA
Syracuse NY, Richmond IN
Syracuse NY, Victoria TX
Victoria TX, Sarasota FL
Weed CA, Washington DC
Valdosta GA, Selma AL
Wheeling WV, Wichita KS
Wichita KS, Rochester MN
Syracuse NY, Saint Joseph MO
Sarasota FL, Salina KS
Steubenville OH, Rhinelander WI
Rhinelander WI, Salem OR
Springfield IL, Scranton PA
Scranton PA, Wausau WI
Wausau WI, Terre Haute IN
Syracuse NY, Staunton VA
Valdosta GA, Saint Louis MO
Wichita KS, Schenectady NY
Schenectady NY, Trinidad CO
Washington DC, West Palm Beach FL
Reading PA, Traverse City MI
San Diego CA, Richmond VA
Scranton PA, Vancouver BC
Vancouver BC, Shreveport LA
Shreveport LA, Waukegan IL
Waukegan IL, Uniontown PA
Waukegan IL, Waterbury CT
Waterbury CT, Savannah GA
Savannah GA, Sterling CO
Sterling CO, Springfield MA
Springfield MA, Tuscaloosa AL
Sterling CO, San Antonio TX
Reading PA, Rock Springs WY
Uniontown PA, Utica NY
Utica NY, Williamson WV
Williamson WV, Stroudsburg PA
Stroudsburg PA, Topeka KS
Utica NY, Swainsboro GA
Wichita KS, Wenatchee WA
Wenatchee WA, Tallahassee FL
Washington DC, Warren PA
Richmond VA, Winston-Salem NC
Rockford IL, Sacramento CA
Sacramento CA, Texarkana TX
Sacramento CA, Waycross GA
Sacramento CA, Waterloo IA
San Francisco CA, Sandusky OH
Sandusky OH, Tupelo MS
South Bend IN, Toronto ON
Toronto ON, Sioux Falls SD
Sioux Falls SD, Spokane WA
Waterbury CT, Santa Rosa CA
Wichita KS, Springfield OH
Saint Joseph MO, Rocky Mount NC
Youngstown OH, Santa Ana CA
Santa Ana CA, Saint Augustine FL
Saint Joseph MI, Sault Sainte Marie MI
Wichita KS, Red Bluff CA
Red Bluff CA, Saint Johnsbury VT
Waterbury CT, Walla Walla WA
Texarkana TX, Williamsport PA
Williamsport PA, Sedalia MO
Terre Haute IN, Tacoma WA
Tacoma WA, Roanoke VA
Roanoke VA, Roswell NM
Williamson WV, Reno NV
Seattle WA, Seminole OK
Seminole OK, Vicksburg MS
Seminole OK, Yankton SD
Sterling CO, Saginaw MI
Saginaw MI, Stockton CA
Stockton CA, Sherman TX
Sherman TX, Valley City ND
Rochester MN, Wilmington DE
Schenectady NY, Sumter SC
Scranton PA, Tulsa OK
Rutland VT, Sheridan WY
Wausau WI, Watertown SD
Syracuse NY, Salida CO
Williamson WV, Salinas CA
Salinas CA, Wilmington NC
Salinas CA, Winchester VA
Wilmington NC, Tyler TX
Syracuse NY, Tucson AZ
Terre Haute IN, Salisbury MD
Salisbury MD, Santa Barbara CA
Waterloo IA, Richfield UT
Topeka KS, Toledo OH
Stroudsburg PA, Yakima WA
Schenectady NY, Saint Paul MN
Rocky Mount NC, Regina SK
Tupelo MS, Santa Fe NM
Utica NY, Williston ND
Rochester MN, Salt Lake City UT
Valdosta GA, Tampa FL
Youngstown OH, San Angelo TX
Salida CO, Wichita Falls TX
Williamson WV, Winnipeg MB
Cost: 13506